<?xml version="1.0" encoding="UTF-8"?>
<!-- Generated by org.testng.reporters.JUnitXMLReporter -->
<testsuite ignored="8" hostname="Saurav" failures="0" tests="12" name="Test" time="332.498" errors="0" timestamp="2025-08-18T16:40:05 IST">
  <testcase classname="com.Ecommerce.register.RegisterTest" name="register" time="168.853"/>
  <testcase classname="com.Ecommerce.register.RegisterTest" name="register" time="2.257"/>
  <testcase classname="com.Ecommerce.register.RegisterTest" name="register" time="2.537"/>
  <testcase classname="com.Ecommerce.register.RegisterTest" name="register" time="2.48"/>
  <testcase classname="com.Ecommerce.register.RegisterTest" name="register" time="2.459"/>
  <testcase classname="com.Ecommerce.register.RegisterTest" name="register" time="2.671"/>
  <testcase classname="com.Ecommerce.register.RegisterTest" name="register" time="2.351"/>
  <testcase classname="com.Ecommerce.register.RegisterTest" name="register" time="2.528"/>
  <testcase classname="com.Ecommerce.register.RegisterTest" name="register" time="2.45"/>
  <testcase classname="com.Ecommerce.register.RegisterTest" name="register" time="2.316"/>
  <testcase classname="com.Ecommerce.login.LoginTest" name="login" time="2.607"/>
  <testcase classname="com.Ecommerce.addToCart.AddToCartTest" name="addToCart" time="3.849"/>
  <testcase classname="com.Ecommerce.genricUtility.BaseTest" name="@AfterSuite toCloseServer" time="0.0">
    <ignored/>
  </testcase> <!-- @AfterSuite toCloseServer -->
  <testcase classname="com.Ecommerce.genricUtility.BaseTest" name="@AfterSuite toCloseServer" time="0.0">
    <ignored/>
  </testcase> <!-- @AfterSuite toCloseServer -->
  <testcase classname="com.Ecommerce.genricUtility.BaseTest" name="@BeforeTest toConnectDatabase" time="0.0">
    <ignored/>
  </testcase> <!-- @BeforeTest toConnectDatabase -->
  <testcase classname="com.Ecommerce.genricUtility.BaseTest" name="@BeforeTest toConnectDatabase" time="0.0">
    <ignored/>
  </testcase> <!-- @BeforeTest toConnectDatabase -->
  <testcase classname="com.Ecommerce.genricUtility.BaseTest" name="@BeforeSuite toConnectServer" time="0.0">
    <ignored/>
  </testcase> <!-- @BeforeSuite toConnectServer -->
  <testcase classname="com.Ecommerce.genricUtility.BaseTest" name="@BeforeSuite toConnectServer" time="0.0">
    <ignored/>
  </testcase> <!-- @BeforeSuite toConnectServer -->
  <testcase classname="com.Ecommerce.genricUtility.BaseTest" name="@AfterTest toCloseDb" time="0.0">
    <ignored/>
  </testcase> <!-- @AfterTest toCloseDb -->
  <testcase classname="com.Ecommerce.genricUtility.BaseTest" name="@AfterTest toCloseDb" time="0.0">
    <ignored/>
  </testcase> <!-- @AfterTest toCloseDb -->
</testsuite> <!-- Test -->
